0 info it worked if it ends with ok
1 verbose cli [ '/Users/apple/.nvm/versions/node/v6.2.2/bin/node',
1 verbose cli   '/Users/apple/.nvm/versions/node/v6.2.2/bin/npm',
1 verbose cli   'run',
1 verbose cli   'dev' ]
2 info using npm@3.10.6
3 info using node@v6.2.2
4 verbose run-script [ 'predev', 'dev', 'postdev' ]
5 info lifecycle nextgram@~predev: nextgram@
6 silly lifecycle nextgram@~predev: no script for predev, continuing
7 info lifecycle nextgram@~dev: nextgram@
8 verbose lifecycle nextgram@~dev: unsafe-perm in lifecycle true
9 verbose lifecycle nextgram@~dev: PATH: /Users/apple/.nvm/versions/node/v6.2.2/lib/node_modules/npm/bin/node-gyp-bin:/Users/apple/learn/react/serverside/nextgram/node_modules/.bin:/Users/apple/.nvm/versions/node/v6.2.2/bin:/usr/local/bin:/usr/local/bin:/usr/local/bin:/usr/bin:/bin:/usr/sbin:/sbin
10 verbose lifecycle nextgram@~dev: CWD: /Users/apple/learn/react/serverside/nextgram
11 silly lifecycle nextgram@~dev: Args: [ '-c', 'next' ]
12 silly lifecycle nextgram@~dev: Returned: code: 1  signal: null
13 info lifecycle nextgram@~dev: Failed to exec dev script
14 verbose stack Error: nextgram@ dev: `next`
14 verbose stack Exit status 1
14 verbose stack     at EventEmitter.<anonymous> (/Users/apple/.nvm/versions/node/v6.2.2/lib/node_modules/npm/lib/utils/lifecycle.js:255:16)
14 verbose stack     at emitTwo (events.js:106:13)
14 verbose stack     at EventEmitter.emit (events.js:191:7)
14 verbose stack     at ChildProcess.<anonymous> (/Users/apple/.nvm/versions/node/v6.2.2/lib/node_modules/npm/lib/utils/spawn.js:40:14)
14 verbose stack     at emitTwo (events.js:106:13)
14 verbose stack     at ChildProcess.emit (events.js:191:7)
14 verbose stack     at maybeClose (internal/child_process.js:852:16)
14 verbose stack     at Process.ChildProcess._handle.onexit (internal/child_process.js:215:5)
15 verbose pkgid nextgram@
16 verbose cwd /Users/apple/learn/react/serverside/nextgram
17 error Darwin 15.5.0
18 error argv "/Users/apple/.nvm/versions/node/v6.2.2/bin/node" "/Users/apple/.nvm/versions/node/v6.2.2/bin/npm" "run" "dev"
19 error node v6.2.2
20 error npm  v3.10.6
21 error code ELIFECYCLE
22 error nextgram@ dev: `next`
22 error Exit status 1
23 error Failed at the nextgram@ dev script 'next'.
23 error Make sure you have the latest version of node.js and npm installed.
23 error If you do, this is most likely a problem with the nextgram package,
23 error not with npm itself.
23 error Tell the author that this fails on your system:
23 error     next
23 error You can get information on how to open an issue for this project with:
23 error     npm bugs nextgram
23 error Or if that isn't available, you can get their info via:
23 error     npm owner ls nextgram
23 error There is likely additional logging output above.
24 verbose exit [ 1, true ]
